Using pre-set license
Built from '2021.1/staging' branch; Version is '2021.1.0b4 (6d90c0720bd4) revision 7180480'; Using compiler version '192528614'; Build Type 'Release'
OS: 'Windows 10 Pro; OS build 19042.746; Version 2009; 64bit' Language: 'en' Physical Memory: 16260 MB
BatchMode: 1, IsHumanControllingUs: 0, StartBugReporterOnCrash: 0, Is64bit: 1, IsPro: 0

 COMMAND LINE ARGUMENTS:
C:\Program Files\Unity\Hub\Editor\2021.1.0b4\Editor\Unity.exe
-adb2
-batchMode
-noUpm
-name
AssetImportWorker0
-projectPath
C:/unity/battlelines/projectbattlelines
-logFile
Logs/AssetImportWorker0.log
-srvPort
61045
Successfully changed project path to: C:/unity/battlelines/projectbattlelines
C:/unity/battlelines/projectbattlelines
Using Asset Import Pipeline V2.
Refreshing native plugins compatible for Editor in 20.81 ms, found 0 plugins.
Preloading 0 native plugins for Editor in 0.00 ms.
Initialize engine version: 2021.1.0b4 (6d90c0720bd4)
[Subsystems] Discovering subsystems at path C:/Program Files/Unity/Hub/Editor/2021.1.0b4/Editor/Data/Resources/UnitySubsystems
[Subsystems] Discovering subsystems at path C:/unity/battlelines/projectbattlelines/Assets
GfxDevice: creating device client; threaded=0; jobified=0
Direct3D:
    Version:  Direct3D 11.0 [level 11.1]
    Renderer: Radeon (TM) 520 (ID=0x6665)
    Vendor:   ATI
    VRAM:     2039 MB
    Driver:   26.20.15026.1
Initialize mono
Mono path[0] = 'C:/Program Files/Unity/Hub/Editor/2021.1.0b4/Editor/Data/Managed'
Mono path[1] = 'C:/Program Files/Unity/Hub/Editor/2021.1.0b4/Editor/Data/MonoBleedingEdge/lib/mono/unityjit'
Mono config path = 'C:/Program Files/Unity/Hub/Editor/2021.1.0b4/Editor/Data/MonoBleedingEdge/etc'
Using monoOptions --debugger-agent=transport=dt_socket,embedding=1,server=y,suspend=n,address=127.0.0.1:56252
Begin MonoManager ReloadAssembly
Registering precompiled unity dll's ...
Register platform support module: C:/Program Files/Unity/Hub/Editor/2021.1.0b4/Editor/Data/PlaybackEngines/WebGLSupport/UnityEditor.WebGL.Extensions.dll
Register platform support module: C:/Program Files/Unity/Hub/Editor/2021.1.0b4/Editor/Data/PlaybackEngines/WindowsStandaloneSupport/UnityEditor.WindowsStandalone.Extensions.dll
Registered in 0.001729 seconds.
Native extension for WindowsStandalone target not found
Native extension for WebGL target not found
Refreshing native plugins compatible for Editor in 21.34 ms, found 0 plugins.
Preloading 0 native plugins for Editor in 0.00 ms.
Mono: successfully reloaded assembly
- Completed reload, in  1.048 seconds
Platform modules already initialized, skipping
Registering precompiled user dll's ...
Registered in 0.000537 seconds.
Begin MonoManager ReloadAssembly
Native extension for WindowsStandalone target not found
Native extension for WebGL target not found
Refreshing native plugins compatible for Editor in 0.20 ms, found 0 plugins.
Preloading 0 native plugins for Editor in 0.00 ms.
Mono: successfully reloaded assembly
- Completed reload, in  0.721 seconds
Platform modules already initialized, skipping
========================================================================
Worker process is ready to serve import requests
Launched and connected shader compiler UnityShaderCompiler.exe after 0.03 seconds
Refreshing native plugins compatible for Editor in 0.20 ms, found 0 plugins.
Preloading 0 native plugins for Editor in 0.00 ms.
Unloading 1192 Unused Serialized files (Serialized files now loaded: 0)
System memory in use before: 192.3 MB.
System memory in use after: 192.4 MB.

Unloading 13 unused Assets to reduce memory usage. Loaded Objects now: 1650.
Total: 3.916800 ms (FindLiveObjects: 0.220500 ms CreateObjectMapping: 0.150000 ms MarkObjects: 3.455200 ms  DeleteObjects: 0.089000 ms)

========================================================================
Received Import Request.
  path: Assets/Scripts
  artifactKey: Guid(ec904e5798159c84492d3c826ab1fa61) Importer(815301076,1909f56bfc062723c751e8b465ee728b)
Start importing Assets/Scripts using Guid(ec904e5798159c84492d3c826ab1fa61) Importer(815301076,1909f56bfc062723c751e8b465ee728b)  -> (artifact id: '37bbeed312bb8bc147be6cfb8563ec6b') in 0.008607 seconds 
========================================================================
Received Import Request.
  Time since last request: 2.444257 seconds.
  path: Assets/Scripts/Behavior
  artifactKey: Guid(f73b40124c5408246935f16bd9310e85) Importer(815301076,1909f56bfc062723c751e8b465ee728b)
Start importing Assets/Scripts/Behavior using Guid(f73b40124c5408246935f16bd9310e85) Importer(815301076,1909f56bfc062723c751e8b465ee728b)  -> (artifact id: '2ab4bb50facc7161148663772e4273c4') in 0.005096 seconds 
========================================================================
Received Import Request.
  Time since last request: 3.568558 seconds.
  path: Assets/Scripts/Behavior/UnitBehavior.cs
  artifactKey: Guid(e2e27414059d19442bd594cd224e1992) Importer(815301076,1909f56bfc062723c751e8b465ee728b)
Start importing Assets/Scripts/Behavior/UnitBehavior.cs using Guid(e2e27414059d19442bd594cd224e1992) Importer(815301076,1909f56bfc062723c751e8b465ee728b)  -> (artifact id: '92f2d76418bbb5a1bebc9f104c30370b') in 0.026414 seconds 
========================================================================
Received Prepare
Registering precompiled user dll's ...
Registered in 0.000580 seconds.
Begin MonoManager ReloadAssembly
Native extension for WindowsStandalone target not found
Native extension for WebGL target not found
Refreshing native plugins compatible for Editor in 0.21 ms, found 0 plugins.
Preloading 0 native plugins for Editor in 0.00 ms.
Mono: successfully reloaded assembly
- Completed reload, in  0.810 seconds
Platform modules already initialized, skipping
Refreshing native plugins compatible for Editor in 0.22 ms, found 0 plugins.
Preloading 0 native plugins for Editor in 0.00 ms.
Unloading 1187 Unused Serialized files (Serialized files now loaded: 0)
System memory in use before: 192.3 MB.
System memory in use after: 192.4 MB.

Unloading 4 unused Assets to reduce memory usage. Loaded Objects now: 1652.
Total: 2.902700 ms (FindLiveObjects: 0.150000 ms CreateObjectMapping: 0.060500 ms MarkObjects: 2.631200 ms  DeleteObjects: 0.042300 ms)

========================================================================
Received Prepare
Registering precompiled user dll's ...
Registered in 0.000537 seconds.
Begin MonoManager ReloadAssembly
Native extension for WindowsStandalone target not found
Native extension for WebGL target not found
Refreshing native plugins compatible for Editor in 0.23 ms, found 0 plugins.
Preloading 0 native plugins for Editor in 0.00 ms.
Mono: successfully reloaded assembly
- Completed reload, in  0.798 seconds
Platform modules already initialized, skipping
Refreshing native plugins compatible for Editor in 0.23 ms, found 0 plugins.
Preloading 0 native plugins for Editor in 0.00 ms.
Unloading 1187 Unused Serialized files (Serialized files now loaded: 0)
System memory in use before: 192.3 MB.
System memory in use after: 192.4 MB.

Unloading 4 unused Assets to reduce memory usage. Loaded Objects now: 1654.
Total: 1.578200 ms (FindLiveObjects: 0.162500 ms CreateObjectMapping: 0.048600 ms MarkObjects: 1.355400 ms  DeleteObjects: 0.010600 ms)

========================================================================
Received Prepare
Registering precompiled user dll's ...
Registered in 0.000580 seconds.
Begin MonoManager ReloadAssembly
Native extension for WindowsStandalone target not found
Native extension for WebGL target not found
Refreshing native plugins compatible for Editor in 0.27 ms, found 0 plugins.
Preloading 0 native plugins for Editor in 0.00 ms.
Mono: successfully reloaded assembly
- Completed reload, in  0.784 seconds
Platform modules already initialized, skipping
Refreshing native plugins compatible for Editor in 0.36 ms, found 0 plugins.
Preloading 0 native plugins for Editor in 0.00 ms.
Unloading 1187 Unused Serialized files (Serialized files now loaded: 0)
System memory in use before: 192.3 MB.
System memory in use after: 192.4 MB.

Unloading 4 unused Assets to reduce memory usage. Loaded Objects now: 1656.
Total: 1.639000 ms (FindLiveObjects: 0.124700 ms CreateObjectMapping: 0.036000 ms MarkObjects: 1.464800 ms  DeleteObjects: 0.012400 ms)

========================================================================
Received Prepare
Registering precompiled user dll's ...
Registered in 0.001104 seconds.
Begin MonoManager ReloadAssembly
Native extension for WindowsStandalone target not found
Native extension for WebGL target not found
Refreshing native plugins compatible for Editor in 0.36 ms, found 0 plugins.
Preloading 0 native plugins for Editor in 0.00 ms.
Mono: successfully reloaded assembly
- Completed reload, in  0.802 seconds
Platform modules already initialized, skipping
Refreshing native plugins compatible for Editor in 0.22 ms, found 0 plugins.
Preloading 0 native plugins for Editor in 0.00 ms.
Unloading 1187 Unused Serialized files (Serialized files now loaded: 0)
System memory in use before: 192.3 MB.
System memory in use after: 192.4 MB.

Unloading 4 unused Assets to reduce memory usage. Loaded Objects now: 1658.
Total: 1.838100 ms (FindLiveObjects: 0.140200 ms CreateObjectMapping: 0.044200 ms MarkObjects: 1.639800 ms  DeleteObjects: 0.013400 ms)

========================================================================
Received Prepare
Registering precompiled user dll's ...
Registered in 0.000787 seconds.
Begin MonoManager ReloadAssembly
Native extension for WindowsStandalone target not found
Native extension for WebGL target not found
Refreshing native plugins compatible for Editor in 0.40 ms, found 0 plugins.
Preloading 0 native plugins for Editor in 0.00 ms.
Mono: successfully reloaded assembly
- Completed reload, in  1.032 seconds
Platform modules already initialized, skipping
Refreshing native plugins compatible for Editor in 0.36 ms, found 0 plugins.
Preloading 0 native plugins for Editor in 0.00 ms.
Unloading 1187 Unused Serialized files (Serialized files now loaded: 0)
System memory in use before: 192.3 MB.
System memory in use after: 192.4 MB.

Unloading 4 unused Assets to reduce memory usage. Loaded Objects now: 1660.
Total: 2.250100 ms (FindLiveObjects: 0.202000 ms CreateObjectMapping: 0.095600 ms MarkObjects: 1.938700 ms  DeleteObjects: 0.012300 ms)

========================================================================
Received Import Request.
  Time since last request: 12245.093849 seconds.
  path: Assets/Scripts/Behavior/UnitBehavior.cs
  artifactKey: Guid(e2e27414059d19442bd594cd224e1992) Importer(815301076,1909f56bfc062723c751e8b465ee728b)
Start importing Assets/Scripts/Behavior/UnitBehavior.cs using Guid(e2e27414059d19442bd594cd224e1992) Importer(815301076,1909f56bfc062723c751e8b465ee728b)  -> (artifact id: 'ce159f32e88b2a16a8aebaf6293989cc') in 0.005184 seconds 
========================================================================
Received Prepare
Registering precompiled user dll's ...
Registered in 0.000837 seconds.
Begin MonoManager ReloadAssembly
Native extension for WindowsStandalone target not found
Native extension for WebGL target not found
Refreshing native plugins compatible for Editor in 0.52 ms, found 0 plugins.
Preloading 0 native plugins for Editor in 0.00 ms.
Mono: successfully reloaded assembly
- Completed reload, in  1.427 seconds
Platform modules already initialized, skipping
Refreshing native plugins compatible for Editor in 0.32 ms, found 0 plugins.
Preloading 0 native plugins for Editor in 0.00 ms.
Unloading 1187 Unused Serialized files (Serialized files now loaded: 0)
System memory in use before: 192.4 MB.
System memory in use after: 192.4 MB.

Unloading 4 unused Assets to reduce memory usage. Loaded Objects now: 1662.
Total: 3.229400 ms (FindLiveObjects: 0.238200 ms CreateObjectMapping: 0.098200 ms MarkObjects: 2.871900 ms  DeleteObjects: 0.019300 ms)

========================================================================
Received Import Request.
  Time since last request: 270.188594 seconds.
  path: Assets/Scripts/Behavior/UnitBehavior.cs
  artifactKey: Guid(e2e27414059d19442bd594cd224e1992) Importer(815301076,1909f56bfc062723c751e8b465ee728b)
Start importing Assets/Scripts/Behavior/UnitBehavior.cs using Guid(e2e27414059d19442bd594cd224e1992) Importer(815301076,1909f56bfc062723c751e8b465ee728b)  -> (artifact id: '3fc23274ab198512e05a15aa77417983') in 0.007485 seconds 
========================================================================
Received Prepare
Registering precompiled user dll's ...
Registered in 0.000543 seconds.
Begin MonoManager ReloadAssembly
Native extension for WindowsStandalone target not found
Native extension for WebGL target not found
Refreshing native plugins compatible for Editor in 0.20 ms, found 0 plugins.
Preloading 0 native plugins for Editor in 0.00 ms.
Mono: successfully reloaded assembly
- Completed reload, in  0.709 seconds
Platform modules already initialized, skipping
Refreshing native plugins compatible for Editor in 0.18 ms, found 0 plugins.
Preloading 0 native plugins for Editor in 0.00 ms.
Unloading 1187 Unused Serialized files (Serialized files now loaded: 0)
System memory in use before: 192.4 MB.
System memory in use after: 192.5 MB.

Unloading 4 unused Assets to reduce memory usage. Loaded Objects now: 1664.
Total: 4.663000 ms (FindLiveObjects: 0.325300 ms CreateObjectMapping: 0.117400 ms MarkObjects: 4.184800 ms  DeleteObjects: 0.032500 ms)

========================================================================
Received Prepare
Registering precompiled user dll's ...
Registered in 0.000820 seconds.
Begin MonoManager ReloadAssembly
Native extension for WindowsStandalone target not found
Native extension for WebGL target not found
Refreshing native plugins compatible for Editor in 0.45 ms, found 0 plugins.
Preloading 0 native plugins for Editor in 0.00 ms.
Mono: successfully reloaded assembly
- Completed reload, in  0.766 seconds
Platform modules already initialized, skipping
Refreshing native plugins compatible for Editor in 0.20 ms, found 0 plugins.
Preloading 0 native plugins for Editor in 0.00 ms.
Unloading 1187 Unused Serialized files (Serialized files now loaded: 0)
System memory in use before: 192.4 MB.
System memory in use after: 192.5 MB.

Unloading 4 unused Assets to reduce memory usage. Loaded Objects now: 1666.
Total: 3.424000 ms (FindLiveObjects: 0.326300 ms CreateObjectMapping: 0.150900 ms MarkObjects: 2.924300 ms  DeleteObjects: 0.020100 ms)

========================================================================
Received Import Request.
  Time since last request: 452.733252 seconds.
  path: Assets/Resources/Prefabs/Battleline.prefab
  artifactKey: Guid(af67fae7bcb3042439315be3ae9b722d) Importer(815301076,1909f56bfc062723c751e8b465ee728b)
Start importing Assets/Resources/Prefabs/Battleline.prefab using Guid(af67fae7bcb3042439315be3ae9b722d) Importer(815301076,1909f56bfc062723c751e8b465ee728b)  -> (artifact id: '48e3b82d458c3b816eddf6c26ae3b0c4') in 0.090423 seconds 
========================================================================
Received Import Request.
  Time since last request: 0.009228 seconds.
  path: Assets/Resources/Prefabs/Unit.prefab
  artifactKey: Guid(da97fb9fb65fa3c42aa5b694d3c6855e) Importer(815301076,1909f56bfc062723c751e8b465ee728b)
Start importing Assets/Resources/Prefabs/Unit.prefab using Guid(da97fb9fb65fa3c42aa5b694d3c6855e) Importer(815301076,1909f56bfc062723c751e8b465ee728b)  -> (artifact id: '03aea6c0f8b01b2acd47f532aadb12e1') in 0.018722 seconds 
========================================================================
Received Import Request.
  Time since last request: 3.264886 seconds.
  path: Assets/Scenes/Battle.unity
  artifactKey: Guid(44f014b421dfb614da8d6eb6c2e520e0) Importer(815301076,1909f56bfc062723c751e8b465ee728b)
Start importing Assets/Scenes/Battle.unity using Guid(44f014b421dfb614da8d6eb6c2e520e0) Importer(815301076,1909f56bfc062723c751e8b465ee728b)  -> (artifact id: 'dd35e0fffea21b4bf9045d96661eafc6') in 0.006906 seconds 
========================================================================
Received Import Request.
  Time since last request: 13.311381 seconds.
  path: Assets/Scenes/Map.unity
  artifactKey: Guid(5857c41de76a1e54f945ba75ed23a98c) Importer(815301076,1909f56bfc062723c751e8b465ee728b)
Start importing Assets/Scenes/Map.unity using Guid(5857c41de76a1e54f945ba75ed23a98c) Importer(815301076,1909f56bfc062723c751e8b465ee728b)  -> (artifact id: '9b4d33a69ec8149f3696849c90a9da66') in 0.006135 seconds 
========================================================================
Received Import Request.
  Time since last request: 4.937059 seconds.
  path: Assets/Scripts/Manager/GameManager.cs
  artifactKey: Guid(455962da36c29a844954961237707856) Importer(815301076,1909f56bfc062723c751e8b465ee728b)
Start importing Assets/Scripts/Manager/GameManager.cs using Guid(455962da36c29a844954961237707856) Importer(815301076,1909f56bfc062723c751e8b465ee728b)  -> (artifact id: '5c7d4ca9d5a0abbbabf5c57080bdc81e') in 0.006201 seconds 
========================================================================
Received Prepare
Registering precompiled user dll's ...
Registered in 0.000543 seconds.
Begin MonoManager ReloadAssembly
Native extension for WindowsStandalone target not found
Native extension for WebGL target not found
Refreshing native plugins compatible for Editor in 0.20 ms, found 0 plugins.
Preloading 0 native plugins for Editor in 0.00 ms.
Mono: successfully reloaded assembly
- Completed reload, in  0.718 seconds
Platform modules already initialized, skipping
Refreshing native plugins compatible for Editor in 0.20 ms, found 0 plugins.
Preloading 0 native plugins for Editor in 0.00 ms.
Unloading 1187 Unused Serialized files (Serialized files now loaded: 0)
System memory in use before: 196.2 MB.
System memory in use after: 196.2 MB.

Unloading 4 unused Assets to reduce memory usage. Loaded Objects now: 1675.
Total: 3.478200 ms (FindLiveObjects: 0.213800 ms CreateObjectMapping: 0.084700 ms MarkObjects: 3.154100 ms  DeleteObjects: 0.023800 ms)

========================================================================
Received Import Request.
  Time since last request: 34.500944 seconds.
  path: Assets/Scenes/Battle.unity
  artifactKey: Guid(44f014b421dfb614da8d6eb6c2e520e0) Importer(815301076,1909f56bfc062723c751e8b465ee728b)
Start importing Assets/Scenes/Battle.unity using Guid(44f014b421dfb614da8d6eb6c2e520e0) Importer(815301076,1909f56bfc062723c751e8b465ee728b)  -> (artifact id: '4b4d3fad39cd88ff957fa3b8154ac962') in 0.014979 seconds 
========================================================================
Received Import Request.
  Time since last request: 39.910169 seconds.
  path: Assets/Sprites/hexagono.png
  artifactKey: Guid(f92b36c398287124b97422134935f9b6) Importer(815301076,1909f56bfc062723c751e8b465ee728b)
Start importing Assets/Sprites/hexagono.png using Guid(f92b36c398287124b97422134935f9b6) Importer(815301076,1909f56bfc062723c751e8b465ee728b)  -> (artifact id: '1a5414dd1765d9d530c3bcbfa65b0b08') in 0.080270 seconds 
========================================================================
Received Import Request.
  Time since last request: 0.009561 seconds.
  path: Assets/Sprites/mtn19.png
  artifactKey: Guid(a2db4be9c8f76644b803ba56680ca2fc) Importer(815301076,1909f56bfc062723c751e8b465ee728b)
Start importing Assets/Sprites/mtn19.png using Guid(a2db4be9c8f76644b803ba56680ca2fc) Importer(815301076,1909f56bfc062723c751e8b465ee728b)  -> (artifact id: 'ea34ab5580671880751b7a3a15eeb52c') in 0.044436 seconds 
========================================================================
Received Import Request.
  Time since last request: 0.011997 seconds.
  path: Assets/Sprites/spritesheet.png
  artifactKey: Guid(82f4bcbc8d383264e81676add1fe64a4) Importer(815301076,1909f56bfc062723c751e8b465ee728b)
Start importing Assets/Sprites/spritesheet.png using Guid(82f4bcbc8d383264e81676add1fe64a4) Importer(815301076,1909f56bfc062723c751e8b465ee728b)  -> (artifact id: 'e788c8bc8a1497a0ca3c02fac2a230ef') in 0.084557 seconds 
========================================================================
Received Import Request.
  Time since last request: 11.319569 seconds.
  path: Assets/Resources/Prefabs/Unit.prefab
  artifactKey: Guid(da97fb9fb65fa3c42aa5b694d3c6855e) Importer(815301076,1909f56bfc062723c751e8b465ee728b)
Start importing Assets/Resources/Prefabs/Unit.prefab using Guid(da97fb9fb65fa3c42aa5b694d3c6855e) Importer(815301076,1909f56bfc062723c751e8b465ee728b)  -> (artifact id: 'd51474331ad769dab63b9bca89353ce3') in 0.026861 seconds 
========================================================================
Received Import Request.
  Time since last request: 701.397204 seconds.
  path: Assets/Resources/Prefabs/PlayerHand.prefab
  artifactKey: Guid(412a0ef7c178de64d9d1d7e77ec14cbb) Importer(815301076,1909f56bfc062723c751e8b465ee728b)
Start importing Assets/Resources/Prefabs/PlayerHand.prefab using Guid(412a0ef7c178de64d9d1d7e77ec14cbb) Importer(815301076,1909f56bfc062723c751e8b465ee728b)  -> (artifact id: '11cc5b12f7d8d52a0d4039676cba222c') in 0.019448 seconds 
========================================================================
Received Import Request.
  Time since last request: 165.383574 seconds.
  path: Assets/Scenes/Battle.unity
  artifactKey: Guid(44f014b421dfb614da8d6eb6c2e520e0) Importer(815301076,1909f56bfc062723c751e8b465ee728b)
Start importing Assets/Scenes/Battle.unity using Guid(44f014b421dfb614da8d6eb6c2e520e0) Importer(815301076,1909f56bfc062723c751e8b465ee728b)  -> (artifact id: '70a1d641a058616416befe9ec7bfb053') in 0.007694 seconds 
========================================================================
Received Import Request.
  Time since last request: 16.194209 seconds.
  path: Assets/Resources/Prefabs/Spot.prefab
  artifactKey: Guid(74889451db8d5c54d9e1b4c4b77c948c) Importer(815301076,1909f56bfc062723c751e8b465ee728b)
Start importing Assets/Resources/Prefabs/Spot.prefab using Guid(74889451db8d5c54d9e1b4c4b77c948c) Importer(815301076,1909f56bfc062723c751e8b465ee728b)  -> (artifact id: '08a4d4102753c1386d5af4ab508c4525') in 0.017768 seconds 
========================================================================
Received Prepare
Registering precompiled user dll's ...
Registered in 0.000524 seconds.
Begin MonoManager ReloadAssembly
Native extension for WindowsStandalone target not found
Native extension for WebGL target not found
Refreshing native plugins compatible for Editor in 0.21 ms, found 0 plugins.
Preloading 0 native plugins for Editor in 0.00 ms.
Mono: successfully reloaded assembly
- Completed reload, in  0.736 seconds
Platform modules already initialized, skipping
Refreshing native plugins compatible for Editor in 0.20 ms, found 0 plugins.
Preloading 0 native plugins for Editor in 0.00 ms.
Unloading 1190 Unused Serialized files (Serialized files now loaded: 0)
System memory in use before: 199.4 MB.
System memory in use after: 199.5 MB.

Unloading 6 unused Assets to reduce memory usage. Loaded Objects now: 1731.
Total: 3.631800 ms (FindLiveObjects: 0.228000 ms CreateObjectMapping: 0.080200 ms MarkObjects: 3.228600 ms  DeleteObjects: 0.092800 ms)

========================================================================
Received Prepare
Registering precompiled user dll's ...
Registered in 0.000461 seconds.
Begin MonoManager ReloadAssembly
Native extension for WindowsStandalone target not found
Native extension for WebGL target not found
Refreshing native plugins compatible for Editor in 0.21 ms, found 0 plugins.
Preloading 0 native plugins for Editor in 0.00 ms.
Mono: successfully reloaded assembly
- Completed reload, in  0.717 seconds
Platform modules already initialized, skipping
Refreshing native plugins compatible for Editor in 0.20 ms, found 0 plugins.
Preloading 0 native plugins for Editor in 0.00 ms.
Unloading 1187 Unused Serialized files (Serialized files now loaded: 0)
System memory in use before: 199.3 MB.
System memory in use after: 199.4 MB.

Unloading 4 unused Assets to reduce memory usage. Loaded Objects now: 1733.
Total: 2.459800 ms (FindLiveObjects: 0.170600 ms CreateObjectMapping: 0.046800 ms MarkObjects: 2.227100 ms  DeleteObjects: 0.014000 ms)

========================================================================
Received Prepare
Registering precompiled user dll's ...
Registered in 0.000620 seconds.
Begin MonoManager ReloadAssembly
Native extension for WindowsStandalone target not found
Native extension for WebGL target not found
Refreshing native plugins compatible for Editor in 0.22 ms, found 0 plugins.
Preloading 0 native plugins for Editor in 0.00 ms.
Mono: successfully reloaded assembly
- Completed reload, in  0.711 seconds
Platform modules already initialized, skipping
Refreshing native plugins compatible for Editor in 0.20 ms, found 0 plugins.
Preloading 0 native plugins for Editor in 0.00 ms.
Unloading 1187 Unused Serialized files (Serialized files now loaded: 0)
System memory in use before: 199.3 MB.
System memory in use after: 199.4 MB.

Unloading 4 unused Assets to reduce memory usage. Loaded Objects now: 1735.
Total: 1.724400 ms (FindLiveObjects: 0.144400 ms CreateObjectMapping: 0.037900 ms MarkObjects: 1.529400 ms  DeleteObjects: 0.011800 ms)

========================================================================
Received Prepare
Registering precompiled user dll's ...
Registered in 0.000532 seconds.
Begin MonoManager ReloadAssembly
Native extension for WindowsStandalone target not found
Native extension for WebGL target not found
Refreshing native plugins compatible for Editor in 0.21 ms, found 0 plugins.
Preloading 0 native plugins for Editor in 0.00 ms.
Mono: successfully reloaded assembly
- Completed reload, in  0.706 seconds
Platform modules already initialized, skipping
Refreshing native plugins compatible for Editor in 0.24 ms, found 0 plugins.
Preloading 0 native plugins for Editor in 0.00 ms.
Unloading 1187 Unused Serialized files (Serialized files now loaded: 0)
System memory in use before: 199.3 MB.
System memory in use after: 199.4 MB.

Unloading 4 unused Assets to reduce memory usage. Loaded Objects now: 1737.
Total: 1.672800 ms (FindLiveObjects: 0.138400 ms CreateObjectMapping: 0.038600 ms MarkObjects: 1.483300 ms  DeleteObjects: 0.011200 ms)

========================================================================
Received Prepare
Registering precompiled user dll's ...
Registered in 0.000519 seconds.
Begin MonoManager ReloadAssembly
Native extension for WindowsStandalone target not found
Native extension for WebGL target not found
Refreshing native plugins compatible for Editor in 0.21 ms, found 0 plugins.
Preloading 0 native plugins for Editor in 0.00 ms.
Mono: successfully reloaded assembly
- Completed reload, in  0.713 seconds
Platform modules already initialized, skipping
Refreshing native plugins compatible for Editor in 0.20 ms, found 0 plugins.
Preloading 0 native plugins for Editor in 0.00 ms.
Unloading 1187 Unused Serialized files (Serialized files now loaded: 0)
System memory in use before: 199.3 MB.
System memory in use after: 199.4 MB.

Unloading 4 unused Assets to reduce memory usage. Loaded Objects now: 1739.
Total: 1.618000 ms (FindLiveObjects: 0.137000 ms CreateObjectMapping: 0.037900 ms MarkObjects: 1.430500 ms  DeleteObjects: 0.011700 ms)

========================================================================
Received Prepare
Registering precompiled user dll's ...
Registered in 0.000542 seconds.
Begin MonoManager ReloadAssembly
Native extension for WindowsStandalone target not found
Native extension for WebGL target not found
Refreshing native plugins compatible for Editor in 0.21 ms, found 0 plugins.
Preloading 0 native plugins for Editor in 0.00 ms.
Mono: successfully reloaded assembly
- Completed reload, in  0.718 seconds
Platform modules already initialized, skipping
Refreshing native plugins compatible for Editor in 0.19 ms, found 0 plugins.
Preloading 0 native plugins for Editor in 0.00 ms.
Unloading 1187 Unused Serialized files (Serialized files now loaded: 0)
System memory in use before: 199.3 MB.
System memory in use after: 199.4 MB.

Unloading 4 unused Assets to reduce memory usage. Loaded Objects now: 1741.
Total: 5.412900 ms (FindLiveObjects: 0.339300 ms CreateObjectMapping: 0.115600 ms MarkObjects: 4.912900 ms  DeleteObjects: 0.041000 ms)

========================================================================
Received Import Request.
  Time since last request: 2083.335953 seconds.
  path: Assets/Scenes/Map.unity
  artifactKey: Guid(5857c41de76a1e54f945ba75ed23a98c) Importer(815301076,1909f56bfc062723c751e8b465ee728b)
Start importing Assets/Scenes/Map.unity using Guid(5857c41de76a1e54f945ba75ed23a98c) Importer(815301076,1909f56bfc062723c751e8b465ee728b)  -> (artifact id: '8d747a8a022845916446e63940023270') in 0.012280 seconds 
========================================================================
Received Prepare
Registering precompiled user dll's ...
Registered in 0.000501 seconds.
Begin MonoManager ReloadAssembly
Native extension for WindowsStandalone target not found
Native extension for WebGL target not found
Refreshing native plugins compatible for Editor in 0.20 ms, found 0 plugins.
Preloading 0 native plugins for Editor in 0.00 ms.
Mono: successfully reloaded assembly
- Completed reload, in  0.713 seconds
Platform modules already initialized, skipping
Refreshing native plugins compatible for Editor in 0.18 ms, found 0 plugins.
Preloading 0 native plugins for Editor in 0.00 ms.
Unloading 1187 Unused Serialized files (Serialized files now loaded: 0)
System memory in use before: 199.3 MB.
System memory in use after: 199.4 MB.

Unloading 4 unused Assets to reduce memory usage. Loaded Objects now: 1743.
Total: 3.521900 ms (FindLiveObjects: 0.226500 ms CreateObjectMapping: 0.080500 ms MarkObjects: 3.189700 ms  DeleteObjects: 0.023000 ms)

========================================================================
Received Prepare
Registering precompiled user dll's ...
Registered in 0.000627 seconds.
Begin MonoManager ReloadAssembly
Native extension for WindowsStandalone target not found
Native extension for WebGL target not found
Refreshing native plugins compatible for Editor in 0.27 ms, found 0 plugins.
Preloading 0 native plugins for Editor in 0.00 ms.
Mono: successfully reloaded assembly
- Completed reload, in  0.769 seconds
Platform modules already initialized, skipping
Refreshing native plugins compatible for Editor in 0.29 ms, found 0 plugins.
Preloading 0 native plugins for Editor in 0.00 ms.
Unloading 1187 Unused Serialized files (Serialized files now loaded: 0)
System memory in use before: 199.3 MB.
System memory in use after: 199.4 MB.

Unloading 4 unused Assets to reduce memory usage. Loaded Objects now: 1745.
Total: 2.071000 ms (FindLiveObjects: 0.191800 ms CreateObjectMapping: 0.046600 ms MarkObjects: 1.819600 ms  DeleteObjects: 0.011400 ms)

AssetImportWorkerClient::OnTransportError - code=2 error=End of file
